<?xml version="1.0" encoding="UTF-8"?>
<!-- Generated by org.testng.reporters.JUnitReportReporter -->
<testsuite hostname="sunil-PC" failures="0" tests="1" name="workflow.STOR_1003_WindowHandlingVerification" time="12.498" errors="0" timestamp="06 Oct 2018 18:48:56 GMT" skipped="0">
  <testcase classname="workflow.STOR_1003_WindowHandlingVerification" name="STOR_1003_WindowHandlingVerification" time="12.498"/>
</testsuite> <!-- workflow.STOR_1003_WindowHandlingVerification -->
