<?xml version="1.0" encoding="UTF-8"?>
<!-- Generated by org.testng.reporters.JUnitReportReporter -->
<testsuite hostname="sunil-PC" failures="0" tests="1" name="frameworkLibrary.SetupForProject" time="61.569" errors="0" timestamp="06 Oct 2018 06:06:48 GMT" skipped="0">
  <testcase classname="frameworkLibrary.SetupForProject" name="setup" time="61.569"/>
</testsuite> <!-- frameworkLibrary.SetupForProject -->
