<?xml version="1.0" encoding="UTF-8"?>
<!-- Generated by org.testng.reporters.JUnitReportReporter -->
<testsuite hostname="sunil-PC" failures="0" tests="1" name="workflow.STOR_1001_FileDownloadVerification" time="6.392" errors="0" timestamp="06 Oct 2018 18:48:56 GMT" skipped="0">
  <testcase classname="workflow.STOR_1001_FileDownloadVerification" name="STOR_1001_FileDownloadVerification" time="6.392"/>
</testsuite> <!-- workflow.STOR_1001_FileDownloadVerification -->
